<?xml version="1.0" encoding="UTF-8"?>
<testsuite name="com.howudoin.friendmessaging.HowudoinApplicationTests" tests="1" skipped="0" failures="0" errors="0" timestamp="2024-12-25T07:56:51" hostname="DESKTOP-AJPLV7Q" time="0.434">
  <properties/>
  <testcase name="contextLoads()" classname="com.howudoin.friendmessaging.HowudoinApplicationTests" time="0.434"/>
  <system-out><![CDATA[10:56:48.649 [Test worker] DEBUG org.springframework.boot.test.context.SpringBootTestContextBootstrapper -- Neither @ContextConfiguration nor @ContextHierarchy found for test class [HowudoinApplicationTests]: using SpringBootContextLoader
10:56:48.653 [Test worker] DEBUG org.springframework.test.context.support.AbstractContextLoader -- Could not detect default resource locations for test class [com.howudoin.friendmessaging.HowudoinApplicationTests]: no resource found for suffixes {-context.xml, Context.groovy}.
10:56:48.654 [Test worker] INFO org.springframework.test.context.support.AnnotationConfigContextLoaderUtils -- Could not detect default configuration classes for test class [com.howudoin.friendmessaging.HowudoinApplicationTests]: HowudoinApplicationTests does not declare any static, non-private, non-final, nested classes annotated with @Configuration.
10:56:48.679 [Test worker] DEBUG org.springframework.boot.test.context.SpringBootTestContextBootstrapper -- Using ContextCustomizers for test class [HowudoinApplicationTests]: [DisableObservabilityContextCustomizer, PropertyMappingContextCustomizer, WebDriverContextCustomizer, ExcludeFilterContextCustomizer, DuplicateJsonObjectContextCustomizer, MockitoContextCustomizer, TestRestTemplateContextCustomizer]
10:56:48.750 [Test worker] DEBUG org.springframework.context.annotation.ClassPathScanningCandidateComponentProvider -- Identified candidate component class: file [C:\Users\egeba\OneDrive\Masaüstü\howudoin\howudoin\build\classes\java\main\com\howudoin\friendmessaging\HowudoinApplication.class]
10:56:48.751 [Test worker] INFO org.springframework.boot.test.context.SpringBootTestContextBootstrapper -- Found @SpringBootConfiguration com.howudoin.friendmessaging.HowudoinApplication for test class com.howudoin.friendmessaging.HowudoinApplicationTests
10:56:48.862 [Test worker] DEBUG org.springframework.test.context.util.TestContextSpringFactoriesUtils -- Skipping candidate TestExecutionListener [org.springframework.test.context.observation.MicrometerObservationRegistryTestExecutionListener] due to a missing dependency. Specify custom TestExecutionListener classes or make the default TestExecutionListener classes and their required dependencies available. Offending class: io.micrometer.context.ThreadLocalAccessor. MicrometerObservationRegistryTestExecutionListener requires io.micrometer:micrometer-observation:1.10.8 or higher and io.micrometer:context-propagation:1.0.3 or higher.
10:56:48.874 [Test worker] DEBUG org.springframework.boot.test.context.SpringBootTestContextBootstrapper -- Using TestExecutionListeners for test class [HowudoinApplicationTests]: [ServletTestExecutionListener, DirtiesContextBeforeModesTestExecutionListener, ApplicationEventsTestExecutionListener, MockitoTestExecutionListener, DependencyInjectionTestExecutionListener, DirtiesContextTestExecutionListener, TransactionalTestExecutionListener, SqlScriptsTestExecutionListener, EventPublishingTestExecutionListener, RestDocsTestExecutionListener, MockRestServiceServerResetTestExecutionListener, MockMvcPrintOnlyOnFailureTestExecutionListener, WebDriverTestExecutionListener, MockWebServiceServerTestExecutionListener, ResetMocksTestExecutionListener]
10:56:48.876 [Test worker] DEBUG org.springframework.test.context.support.DirtiesContextBeforeModesTestExecutionListener -- Before test class: class [HowudoinApplicationTests], class annotated with @DirtiesContext [false] with mode [null]

  .   ____          _            __ _ _
 /\\ / ___'_ __ _ _(_)_ __  __ _ \ \ \ \
( ( )\___ | '_ | '_| | '_ \/ _` | \ \ \ \
 \\/  ___)| |_)| | | | | || (_| |  ) ) ) )
  '  |____| .__|_| |_|_| |_\__, | / / / /
 =========|_|==============|___/=/_/_/_/
 :: Spring Boot ::               (v3.0.10)

2024-12-25T10:56:49.159+03:00  INFO 30760 --- [    Test worker] c.h.f.HowudoinApplicationTests           : Starting HowudoinApplicationTests using Java 17.0.13 with PID 30760 (started by ege in C:\Users\egeba\OneDrive\Masaüstü\howudoin\howudoin)
2024-12-25T10:56:49.160+03:00  INFO 30760 --- [    Test worker] c.h.f.HowudoinApplicationTests           : No active profile set, falling back to 1 default profile: "default"
2024-12-25T10:56:49.753+03:00  INFO 30760 --- [    Test worker] .s.d.r.c.RepositoryConfigurationDelegate : Bootstrapping Spring Data MongoDB repositories in DEFAULT mode.
2024-12-25T10:56:49.828+03:00  INFO 30760 --- [    Test worker] .s.d.r.c.RepositoryConfigurationDelegate : Finished Spring Data repository scanning in 69 ms. Found 5 MongoDB repository interfaces.
2024-12-25T10:56:50.308+03:00  INFO 30760 --- [    Test worker] org.mongodb.driver.client                : MongoClient with metadata {"driver": {"name": "mongo-java-driver|sync|spring-boot", "version": "4.8.2"}, "os": {"type": "Windows", "name": "Windows 11", "architecture": "amd64", "version": "10.0"}, "platform": "Java/Eclipse Adoptium/17.0.13+11"} created with settings MongoClientSettings{readPreference=primary, writeConcern=WriteConcern{w=null, wTimeout=null ms, journal=null}, retryWrites=true, retryReads=true, readConcern=ReadConcern{level=null}, credential=null, streamFactoryFactory=null, commandListeners=[], codecRegistry=ProvidersCodecRegistry{codecProviders=[ValueCodecProvider{}, BsonValueCodecProvider{}, DBRefCodecProvider{}, DBObjectCodecProvider{}, DocumentCodecProvider{}, CollectionCodecProvider{}, IterableCodecProvider{}, MapCodecProvider{}, GeoJsonCodecProvider{}, GridFSFileCodecProvider{}, Jsr310CodecProvider{}, JsonObjectCodecProvider{}, BsonCodecProvider{}, EnumCodecProvider{}, com.mongodb.Jep395RecordCodecProvider@3592c1c4]}, clusterSettings={hosts=[localhost:27017], srvServiceName=mongodb, mode=SINGLE, requiredClusterType=UNKNOWN, requiredReplicaSetName='null', serverSelector='null', clusterListeners='[]', serverSelectionTimeout='30000 ms', localThreshold='30000 ms'}, socketSettings=SocketSettings{connectTimeoutMS=10000, readTimeoutMS=0, receiveBufferSize=0, sendBufferSize=0}, heartbeatSocketSettings=SocketSettings{connectTimeoutMS=10000, readTimeoutMS=10000, receiveBufferSize=0, sendBufferSize=0}, connectionPoolSettings=ConnectionPoolSettings{maxSize=100, minSize=0, maxWaitTimeMS=120000, maxConnectionLifeTimeMS=0, maxConnectionIdleTimeMS=0, maintenanceInitialDelayMS=0, maintenanceFrequencyMS=60000, connectionPoolListeners=[], maxConnecting=2}, serverSettings=ServerSettings{heartbeatFrequencyMS=10000, minHeartbeatFrequencyMS=500, serverListeners='[]', serverMonitorListeners='[]'}, sslSettings=SslSettings{enabled=false, invalidHostNameAllowed=false, context=null}, applicationName='null', compressorList=[], uuidRepresentation=JAVA_LEGACY, serverApi=null, autoEncryptionSettings=null, contextProvider=null}
2024-12-25T10:56:50.337+03:00  INFO 30760 --- [localhost:27017] org.mongodb.driver.cluster               : Monitor thread successfully connected to server with description ServerDescription{address=localhost:27017, type=STANDALONE, state=CONNECTED, ok=true, minWireVersion=0, maxWireVersion=25, maxDocumentSize=16777216, logicalSessionTimeoutMinutes=30, roundTripTimeNanos=33023300}
2024-12-25T10:56:50.940+03:00  INFO 30760 --- [    Test worker] o.s.s.web.DefaultSecurityFilterChain     : Will secure any request with [org.springframework.security.web.session.DisableEncodeUrlFilter@b75b890, org.springframework.security.web.context.request.async.WebAsyncManagerIntegrationFilter@70c491b8, org.springframework.security.web.context.SecurityContextHolderFilter@7cd3e0da, org.springframework.security.web.header.HeaderWriterFilter@51d8f2f2, org.springframework.web.filter.CorsFilter@439d545c, org.springframework.security.web.authentication.logout.LogoutFilter@5a85b4e6, com.howudoin.friendmessaging.security.JwtAuthenticationFilter@5a3cf824, org.springframework.security.web.savedrequest.RequestCacheAwareFilter@67e77f52, org.springframework.security.web.servletapi.SecurityContextHolderAwareRequestFilter@4d43a1b7, org.springframework.security.web.authentication.AnonymousAuthenticationFilter@7c2b6acb, org.springframework.security.web.session.SessionManagementFilter@4ff66917, org.springframework.security.web.access.ExceptionTranslationFilter@3b3056a6, org.springframework.security.web.access.intercept.AuthorizationFilter@5dfc2a4]
2024-12-25T10:56:51.502+03:00  INFO 30760 --- [    Test worker] c.h.f.HowudoinApplicationTests           : Started HowudoinApplicationTests in 2.572 seconds (process running for 3.728)
]]></system-out>
  <system-err><![CDATA[]]></system-err>
</testsuite>
